[0.051s] Invoking command in '/root/ws_moveit/src/mount/build/hello_moveit': CMAKE_PREFIX_PATH=${CMAKE_PREFIX_PATH}:/root/ws_moveit/install/moveit_configs_utils:/opt/ros/rolling /usr/bin/cmake /root/ws_moveit/src/mount/hello_moveit -DCMAKE_INSTALL_PREFIX=/root/ws_moveit/src/mount/install/hello_moveit
[0.343s] -- The C compiler identification is GNU 13.3.0
[0.528s] -- The CXX compiler identification is GNU 13.3.0
[0.578s] -- Detecting C compiler ABI info
[0.840s] -- Detecting C compiler ABI info - done
[0.855s] -- Check for working C compiler: /usr/bin/cc - skipped
[0.856s] -- Detecting C compile features
[0.857s] -- Detecting C compile features - done
[0.885s] -- Detecting CXX compiler ABI info
[1.154s] -- Detecting CXX compiler ABI info - done
[1.170s] -- Check for working CXX compiler: /usr/bin/c++ - skipped
[1.170s] -- Detecting CXX compile features
[1.171s] -- Detecting CXX compile features - done
[1.227s] -- Found ament_cmake: 2.7.2 (/opt/ros/rolling/share/ament_cmake/cmake)
[1.779s] -- Found Python3: /usr/bin/python3 (found version "3.12.3") found components: Interpreter 
[2.176s] -- Found rclcpp: 29.4.0 (/opt/ros/rolling/share/rclcpp/cmake)
[2.332s] -- Found rosidl_generator_c: 4.9.3 (/opt/ros/rolling/share/rosidl_generator_c/cmake)
[2.383s] -- Found rosidl_generator_cpp: 4.9.3 (/opt/ros/rolling/share/rosidl_generator_cpp/cmake)
[2.446s] -- Using all available rosidl_typesupport_c: rosidl_typesupport_fastrtps_c;rosidl_typesupport_introspection_c
[2.507s] -- Using all available rosidl_typesupport_cpp: rosidl_typesupport_fastrtps_cpp;rosidl_typesupport_introspection_cpp
[2.726s] -- Found rmw_implementation_cmake: 7.8.1 (/opt/ros/rolling/share/rmw_implementation_cmake/cmake)
[2.744s] -- Found rmw_fastrtps_cpp: 9.3.1 (/opt/ros/rolling/share/rmw_fastrtps_cpp/cmake)
[3.003s] -- Found OpenSSL: /usr/lib/x86_64-linux-gnu/libcrypto.so (found version "3.0.13")  
[3.020s] -- Using RMW implementation 'rmw_fastrtps_cpp' as default
[3.191s] -- Found moveit_ros_planning_interface: 2.13.2 (/root/ws_moveit/install/moveit_ros_planning_interface/share/moveit_ros_planning_interface/cmake)
[3.468s] -- Found Boost: /usr/lib/x86_64-linux-gnu/cmake/Boost-1.83.0/BoostConfig.cmake (found version "1.83.0") found components: date_time filesystem program_options system thread 
[3.973s] -- Found Boost: /usr/lib/x86_64-linux-gnu/cmake/Boost-1.83.0/BoostConfig.cmake (found version "1.83.0") found components: chrono date_time filesystem iostreams program_options regex serialization system thread 
[4.198s] -- Found parameter_traits: 0.4.0 (/opt/ros/rolling/share/parameter_traits/cmake)
[4.261s] -- Found rclcpp_lifecycle: 29.4.0 (/opt/ros/rolling/share/rclcpp_lifecycle/cmake)
[4.340s] -- Found Boost: /usr/lib/x86_64-linux-gnu/cmake/Boost-1.83.0/BoostConfig.cmake (found version "1.83.0") found components: filesystem 
[4.511s] -- Found Eigen3: TRUE (found version "3.4.0") 
[4.511s] -- Ensuring Eigen3 include directory is part of orocos-kdl CMake target
[4.954s] -- Found Boost: /usr/lib/x86_64-linux-gnu/cmake/Boost-1.83.0/BoostConfig.cmake (found version "1.83.0") found components: system filesystem date_time program_options thread chrono 
[5.015s] -- Found Boost: /usr/lib/x86_64-linux-gnu/cmake/Boost-1.83.0/BoostConfig.cmake (found version "1.83.0") found components: thread system filesystem regex date_time program_options 
[5.061s] -- Found Boost: /usr/lib/x86_64-linux-gnu/cmake/Boost-1.83.0/BoostConfig.cmake (found version "1.83.0") found components: system filesystem date_time program_options thread 
[5.128s] -- Found ament_lint_auto: 0.19.1 (/opt/ros/rolling/share/ament_lint_auto/cmake)
[5.317s] -- Added test 'cppcheck' to perform static code analysis on C / C++ code
[5.317s] -- Configured cppcheck include dirs: 
[5.317s] -- Configured cppcheck exclude dirs and/or files: 
[5.320s] -- Added test 'lint_cmake' to check CMake code style
[5.324s] -- Added test 'uncrustify' to check C / C++ code style
[5.324s] -- Configured uncrustify additional arguments: 
[5.326s] -- Added test 'xmllint' to check XML markup files
[5.332s] -- Configuring done (5.2s)
[5.369s] -- Generating done (0.0s)
[5.374s] -- Build files have been written to: /root/ws_moveit/src/mount/build/hello_moveit
[5.386s] Invoked command in '/root/ws_moveit/src/mount/build/hello_moveit' returned '0': CMAKE_PREFIX_PATH=${CMAKE_PREFIX_PATH}:/root/ws_moveit/install/moveit_configs_utils:/opt/ros/rolling /usr/bin/cmake /root/ws_moveit/src/mount/hello_moveit -DCMAKE_INSTALL_PREFIX=/root/ws_moveit/src/mount/install/hello_moveit
[5.388s] Invoking command in '/root/ws_moveit/src/mount/build/hello_moveit': CMAKE_PREFIX_PATH=${CMAKE_PREFIX_PATH}:/root/ws_moveit/install/moveit_configs_utils:/opt/ros/rolling /usr/bin/cmake --build /root/ws_moveit/src/mount/build/hello_moveit -- -j16 -l16
[5.484s] [ 50%] [32mBuilding CXX object CMakeFiles/hello_moveit.dir/src/hello_moveit.cpp.o[0m
[11.989s] [100%] [32m[1mLinking CXX executable hello_moveit[0m
[12.431s] [100%] Built target hello_moveit
[12.450s] Invoked command in '/root/ws_moveit/src/mount/build/hello_moveit' returned '0': CMAKE_PREFIX_PATH=${CMAKE_PREFIX_PATH}:/root/ws_moveit/install/moveit_configs_utils:/opt/ros/rolling /usr/bin/cmake --build /root/ws_moveit/src/mount/build/hello_moveit -- -j16 -l16
[12.469s] Invoking command in '/root/ws_moveit/src/mount/build/hello_moveit': CMAKE_PREFIX_PATH=${CMAKE_PREFIX_PATH}:/root/ws_moveit/install/moveit_configs_utils:/opt/ros/rolling /usr/bin/cmake --install /root/ws_moveit/src/mount/build/hello_moveit
[12.484s] -- Install configuration: ""
[12.484s] -- Installing: /root/ws_moveit/src/mount/install/hello_moveit/lib/hello_moveit/hello_moveit
[12.485s] -- Set non-toolchain portion of runtime path of "/root/ws_moveit/src/mount/install/hello_moveit/lib/hello_moveit/hello_moveit" to ""
[12.485s] -- Installing: /root/ws_moveit/src/mount/install/hello_moveit/share/ament_index/resource_index/package_run_dependencies/hello_moveit
[12.485s] -- Installing: /root/ws_moveit/src/mount/install/hello_moveit/share/ament_index/resource_index/parent_prefix_path/hello_moveit
[12.486s] -- Installing: /root/ws_moveit/src/mount/install/hello_moveit/share/hello_moveit/environment/ament_prefix_path.sh
[12.486s] -- Installing: /root/ws_moveit/src/mount/install/hello_moveit/share/hello_moveit/environment/ament_prefix_path.dsv
[12.486s] -- Installing: /root/ws_moveit/src/mount/install/hello_moveit/share/hello_moveit/environment/path.sh
[12.486s] -- Installing: /root/ws_moveit/src/mount/install/hello_moveit/share/hello_moveit/environment/path.dsv
[12.486s] -- Installing: /root/ws_moveit/src/mount/install/hello_moveit/share/hello_moveit/local_setup.bash
[12.486s] -- Installing: /root/ws_moveit/src/mount/install/hello_moveit/share/hello_moveit/local_setup.sh
[12.486s] -- Installing: /root/ws_moveit/src/mount/install/hello_moveit/share/hello_moveit/local_setup.zsh
[12.487s] -- Installing: /root/ws_moveit/src/mount/install/hello_moveit/share/hello_moveit/local_setup.dsv
[12.487s] -- Installing: /root/ws_moveit/src/mount/install/hello_moveit/share/hello_moveit/package.dsv
[12.487s] -- Installing: /root/ws_moveit/src/mount/install/hello_moveit/share/ament_index/resource_index/packages/hello_moveit
[12.487s] -- Installing: /root/ws_moveit/src/mount/install/hello_moveit/share/hello_moveit/cmake/hello_moveitConfig.cmake
[12.487s] -- Installing: /root/ws_moveit/src/mount/install/hello_moveit/share/hello_moveit/cmake/hello_moveitConfig-version.cmake
[12.487s] -- Installing: /root/ws_moveit/src/mount/install/hello_moveit/share/hello_moveit/package.xml
[12.489s] Invoked command in '/root/ws_moveit/src/mount/build/hello_moveit' returned '0': CMAKE_PREFIX_PATH=${CMAKE_PREFIX_PATH}:/root/ws_moveit/install/moveit_configs_utils:/opt/ros/rolling /usr/bin/cmake --install /root/ws_moveit/src/mount/build/hello_moveit
