[0.355s] DEBUG:colcon:Command line arguments: ['/usr/bin/colcon', 'build', '--packages-select', 'hello_moveit']
[0.355s] DEBUG:colcon:Parsed command line arguments: Namespace(log_base=None, log_level=None, verb_name='build', build_base='build', install_base='install', merge_install=False, symlink_install=False, test_result_base=None, continue_on_error=False, executor='parallel', parallel_workers=16, event_handlers=None, ignore_user_meta=False, metas=['./colcon.meta'], base_paths=['.'], packages_ignore=None, packages_ignore_regex=None, paths=None, packages_up_to=None, packages_up_to_regex=None, packages_above=None, packages_above_and_dependencies=None, packages_above_depth=None, packages_select_by_dep=None, packages_skip_by_dep=None, packages_skip_up_to=None, packages_select_build_failed=False, packages_skip_build_finished=False, packages_select_test_failures=False, packages_skip_test_passed=False, packages_select=['hello_moveit'], packages_skip=None, packages_select_regex=None, packages_skip_regex=None, packages_start=None, packages_end=None, cmake_args=None, cmake_target=None, cmake_target_skip_unavailable=False, cmake_clean_cache=False, cmake_clean_first=False, cmake_force_configure=False, ament_cmake_args=None, catkin_cmake_args=None, catkin_skip_building_tests=False, mixin_files=None, mixin=None, verb_parser=<colcon_mixin.mixin.mixin_argument.MixinArgumentDecorator object at 0x7e45581998e0>, verb_extension=<colcon_core.verb.build.BuildVerb object at 0x7e45582f20c0>, main=<bound method BuildVerb.main of <colcon_core.verb.build.BuildVerb object at 0x7e45582f20c0>>, mixin_verb=('build',))
[0.484s] Level 1:colcon.colcon_core.package_discovery:discover_packages(colcon_meta) check parameters
[0.486s] INFO:colcon.colcon_metadata.package_discovery.colcon_meta:Using configuration from '/root/.colcon/metadata/default/Gazebo.meta'
[0.487s] INFO:colcon.colcon_metadata.package_discovery.colcon_meta:Using configuration from '/root/.colcon/metadata/default/fastrtps.meta'
[0.488s] Level 1:colcon.colcon_core.package_discovery:discover_packages(recursive) check parameters
[0.488s] Level 1:colcon.colcon_core.package_discovery:discover_packages(ignore) check parameters
[0.488s] Level 1:colcon.colcon_core.package_discovery:discover_packages(path) check parameters
[0.488s] Level 1:colcon.colcon_core.package_discovery:discover_packages(colcon_meta) discover
[0.488s] Level 1:colcon.colcon_core.package_discovery:discover_packages(recursive) discover
[0.488s] INFO:colcon.colcon_core.package_discovery:Crawling recursively for packages in '/root/ws_moveit/src/mount'
[0.488s] Level 1:colcon.colcon_core.package_identification:_identify(.) by extensions ['ignore', 'ignore_ament_install']
[0.488s] Level 1:colcon.colcon_core.package_identification:_identify(.) by extension 'ignore'
[0.488s] Level 1:colcon.colcon_core.package_identification:_identify(.) by extension 'ignore_ament_install'
[0.488s] Level 1:colcon.colcon_core.package_identification:_identify(.) by extensions ['colcon_pkg']
[0.488s] Level 1:colcon.colcon_core.package_identification:_identify(.) by extension 'colcon_pkg'
[0.488s] Level 1:colcon.colcon_core.package_identification:_identify(.) by extensions ['colcon_meta']
[0.489s] Level 1:colcon.colcon_core.package_identification:_identify(.) by extension 'colcon_meta'
[0.489s] Level 1:colcon.colcon_core.package_identification:_identify(.) by extensions ['ros']
[0.489s] Level 1:colcon.colcon_core.package_identification:_identify(.) by extension 'ros'
[0.542s] Level 1:colcon.colcon_core.package_identification:_identify(.) by extensions ['cmake', 'python']
[0.542s] Level 1:colcon.colcon_core.package_identification:_identify(.) by extension 'cmake'
[0.542s] Level 1:colcon.colcon_core.package_identification:_identify(.) by extension 'python'
[0.542s] Level 1:colcon.colcon_core.package_identification:_identify(.) by extensions ['python_setup_py']
[0.542s] Level 1:colcon.colcon_core.package_identification:_identify(.) by extension 'python_setup_py'
[0.543s] Level 1:colcon.colcon_core.package_identification:_identify(build) by extensions ['ignore', 'ignore_ament_install']
[0.543s] Level 1:colcon.colcon_core.package_identification:_identify(build) by extension 'ignore'
[0.543s] Level 1:colcon.colcon_core.package_identification:_identify(build) ignored
[0.544s] Level 1:colcon.colcon_core.package_identification:_identify(hello_moveit) by extensions ['ignore', 'ignore_ament_install']
[0.544s] Level 1:colcon.colcon_core.package_identification:_identify(hello_moveit) by extension 'ignore'
[0.544s] Level 1:colcon.colcon_core.package_identification:_identify(hello_moveit) by extension 'ignore_ament_install'
[0.544s] Level 1:colcon.colcon_core.package_identification:_identify(hello_moveit) by extensions ['colcon_pkg']
[0.544s] Level 1:colcon.colcon_core.package_identification:_identify(hello_moveit) by extension 'colcon_pkg'
[0.544s] Level 1:colcon.colcon_core.package_identification:_identify(hello_moveit) by extensions ['colcon_meta']
[0.544s] Level 1:colcon.colcon_core.package_identification:_identify(hello_moveit) by extension 'colcon_meta'
[0.544s] Level 1:colcon.colcon_core.package_identification:_identify(hello_moveit) by extensions ['ros']
[0.544s] Level 1:colcon.colcon_core.package_identification:_identify(hello_moveit) by extension 'ros'
[0.550s] DEBUG:colcon.colcon_core.package_identification:Package 'hello_moveit' with type 'ros.ament_cmake' and name 'hello_moveit'
[0.550s] Level 1:colcon.colcon_core.package_identification:_identify(install) by extensions ['ignore', 'ignore_ament_install']
[0.550s] Level 1:colcon.colcon_core.package_identification:_identify(install) by extension 'ignore'
[0.550s] Level 1:colcon.colcon_core.package_identification:_identify(install) ignored
[0.550s] Level 1:colcon.colcon_core.package_identification:_identify(log) by extensions ['ignore', 'ignore_ament_install']
[0.550s] Level 1:colcon.colcon_core.package_identification:_identify(log) by extension 'ignore'
[0.551s] Level 1:colcon.colcon_core.package_identification:_identify(log) ignored
[0.551s] Level 1:colcon.colcon_core.package_discovery:discover_packages(recursive) using defaults
[0.551s] Level 1:colcon.colcon_core.package_discovery:discover_packages(ignore) discover
[0.551s] Level 1:colcon.colcon_core.package_discovery:discover_packages(ignore) using defaults
[0.551s] Level 1:colcon.colcon_core.package_discovery:discover_packages(path) discover
[0.551s] Level 1:colcon.colcon_core.package_discovery:discover_packages(path) using defaults
[0.599s] Level 5:colcon.colcon_core.verb:set package 'hello_moveit' build argument 'cmake_args' from command line to 'None'
[0.599s] Level 5:colcon.colcon_core.verb:set package 'hello_moveit' build argument 'cmake_target' from command line to 'None'
[0.599s] Level 5:colcon.colcon_core.verb:set package 'hello_moveit' build argument 'cmake_target_skip_unavailable' from command line to 'False'
[0.599s] Level 5:colcon.colcon_core.verb:set package 'hello_moveit' build argument 'cmake_clean_cache' from command line to 'False'
[0.599s] Level 5:colcon.colcon_core.verb:set package 'hello_moveit' build argument 'cmake_clean_first' from command line to 'False'
[0.599s] Level 5:colcon.colcon_core.verb:set package 'hello_moveit' build argument 'cmake_force_configure' from command line to 'False'
[0.599s] Level 5:colcon.colcon_core.verb:set package 'hello_moveit' build argument 'ament_cmake_args' from command line to 'None'
[0.599s] Level 5:colcon.colcon_core.verb:set package 'hello_moveit' build argument 'catkin_cmake_args' from command line to 'None'
[0.600s] Level 5:colcon.colcon_core.verb:set package 'hello_moveit' build argument 'catkin_skip_building_tests' from command line to 'False'
[0.600s] DEBUG:colcon.colcon_core.verb:Building package 'hello_moveit' with the following arguments: {'ament_cmake_args': None, 'build_base': '/root/ws_moveit/src/mount/build/hello_moveit', 'catkin_cmake_args': None, 'catkin_skip_building_tests': False, 'cmake_args': None, 'cmake_clean_cache': False, 'cmake_clean_first': False, 'cmake_force_configure': False, 'cmake_target': None, 'cmake_target_skip_unavailable': False, 'install_base': '/root/ws_moveit/src/mount/install/hello_moveit', 'merge_install': False, 'path': '/root/ws_moveit/src/mount/hello_moveit', 'symlink_install': False, 'test_result_base': None}
[0.600s] INFO:colcon.colcon_core.executor:Executing jobs using 'parallel' executor
[0.601s] DEBUG:colcon.colcon_parallel_executor.executor.parallel:run_until_complete
[0.601s] INFO:colcon.colcon_ros.task.ament_cmake.build:Building ROS package in '/root/ws_moveit/src/mount/hello_moveit' with build type 'ament_cmake'
[0.601s] INFO:colcon.colcon_cmake.task.cmake.build:Building CMake package in '/root/ws_moveit/src/mount/hello_moveit'
[0.613s] INFO:colcon.colcon_core.plugin_system:Skipping extension 'colcon_core.shell.bat': Not used on non-Windows systems
[0.614s] INFO:colcon.colcon_core.shell:Skip shell extension 'powershell' for command environment: Not usable outside of PowerShell
[0.614s] DEBUG:colcon.colcon_core.shell:Skip shell extension 'dsv' for command environment
[0.653s] DEBUG:colcon.colcon_core.event_handler.log_command:Invoking command in '/root/ws_moveit/src/mount/build/hello_moveit': CMAKE_PREFIX_PATH=${CMAKE_PREFIX_PATH}:/root/ws_moveit/install/moveit_configs_utils:/opt/ros/rolling /usr/bin/cmake /root/ws_moveit/src/mount/hello_moveit -DCMAKE_INSTALL_PREFIX=/root/ws_moveit/src/mount/install/hello_moveit
[5.988s] DEBUG:colcon.colcon_core.event_handler.log_command:Invoked command in '/root/ws_moveit/src/mount/build/hello_moveit' returned '0': CMAKE_PREFIX_PATH=${CMAKE_PREFIX_PATH}:/root/ws_moveit/install/moveit_configs_utils:/opt/ros/rolling /usr/bin/cmake /root/ws_moveit/src/mount/hello_moveit -DCMAKE_INSTALL_PREFIX=/root/ws_moveit/src/mount/install/hello_moveit
[5.990s] DEBUG:colcon.colcon_core.event_handler.log_command:Invoking command in '/root/ws_moveit/src/mount/build/hello_moveit': CMAKE_PREFIX_PATH=${CMAKE_PREFIX_PATH}:/root/ws_moveit/install/moveit_configs_utils:/opt/ros/rolling /usr/bin/cmake --build /root/ws_moveit/src/mount/build/hello_moveit -- -j16 -l16
[13.052s] DEBUG:colcon.colcon_core.event_handler.log_command:Invoked command in '/root/ws_moveit/src/mount/build/hello_moveit' returned '0': CMAKE_PREFIX_PATH=${CMAKE_PREFIX_PATH}:/root/ws_moveit/install/moveit_configs_utils:/opt/ros/rolling /usr/bin/cmake --build /root/ws_moveit/src/mount/build/hello_moveit -- -j16 -l16
[13.071s] DEBUG:colcon.colcon_core.event_handler.log_command:Invoking command in '/root/ws_moveit/src/mount/build/hello_moveit': CMAKE_PREFIX_PATH=${CMAKE_PREFIX_PATH}:/root/ws_moveit/install/moveit_configs_utils:/opt/ros/rolling /usr/bin/cmake --install /root/ws_moveit/src/mount/build/hello_moveit
[13.091s] Level 1:colcon.colcon_core.environment:create_environment_scripts_only(hello_moveit)
[13.091s] DEBUG:colcon.colcon_core.event_handler.log_command:Invoked command in '/root/ws_moveit/src/mount/build/hello_moveit' returned '0': CMAKE_PREFIX_PATH=${CMAKE_PREFIX_PATH}:/root/ws_moveit/install/moveit_configs_utils:/opt/ros/rolling /usr/bin/cmake --install /root/ws_moveit/src/mount/build/hello_moveit
[13.102s] Level 1:colcon.colcon_core.environment:checking '/root/ws_moveit/src/mount/install/hello_moveit' for CMake module files
[13.102s] Level 1:colcon.colcon_core.environment:checking '/root/ws_moveit/src/mount/install/hello_moveit' for CMake config files
[13.102s] Level 1:colcon.colcon_core.shell:create_environment_hook('hello_moveit', 'cmake_prefix_path')
[13.102s] INFO:colcon.colcon_core.shell:Creating environment hook '/root/ws_moveit/src/mount/install/hello_moveit/share/hello_moveit/hook/cmake_prefix_path.ps1'
[13.104s] INFO:colcon.colcon_core.shell:Creating environment descriptor '/root/ws_moveit/src/mount/install/hello_moveit/share/hello_moveit/hook/cmake_prefix_path.dsv'
[13.104s] INFO:colcon.colcon_core.shell:Creating environment hook '/root/ws_moveit/src/mount/install/hello_moveit/share/hello_moveit/hook/cmake_prefix_path.sh'
[13.105s] Level 1:colcon.colcon_core.environment:checking '/root/ws_moveit/src/mount/install/hello_moveit/lib'
[13.105s] Level 1:colcon.colcon_core.environment:checking '/root/ws_moveit/src/mount/install/hello_moveit/bin'
[13.105s] Level 1:colcon.colcon_core.environment:checking '/root/ws_moveit/src/mount/install/hello_moveit/lib/pkgconfig/hello_moveit.pc'
[13.107s] Level 1:colcon.colcon_core.environment:checking '/root/ws_moveit/src/mount/install/hello_moveit/lib/python3.12/site-packages'
[13.107s] Level 1:colcon.colcon_core.environment:checking '/root/ws_moveit/src/mount/install/hello_moveit/bin'
[13.107s] INFO:colcon.colcon_core.shell:Creating package script '/root/ws_moveit/src/mount/install/hello_moveit/share/hello_moveit/package.ps1'
[13.108s] INFO:colcon.colcon_core.shell:Creating package descriptor '/root/ws_moveit/src/mount/install/hello_moveit/share/hello_moveit/package.dsv'
[13.109s] INFO:colcon.colcon_core.shell:Creating package script '/root/ws_moveit/src/mount/install/hello_moveit/share/hello_moveit/package.sh'
[13.110s] INFO:colcon.colcon_core.shell:Creating package script '/root/ws_moveit/src/mount/install/hello_moveit/share/hello_moveit/package.bash'
[13.111s] INFO:colcon.colcon_core.shell:Creating package script '/root/ws_moveit/src/mount/install/hello_moveit/share/hello_moveit/package.zsh'
[13.112s] Level 1:colcon.colcon_core.environment:create_file_with_runtime_dependencies(/root/ws_moveit/src/mount/install/hello_moveit/share/colcon-core/packages/hello_moveit)
[13.112s] Level 1:colcon.colcon_core.environment:create_environment_scripts_only(hello_moveit)
[13.112s] Level 1:colcon.colcon_core.environment:checking '/root/ws_moveit/src/mount/install/hello_moveit' for CMake module files
[13.113s] Level 1:colcon.colcon_core.environment:checking '/root/ws_moveit/src/mount/install/hello_moveit' for CMake config files
[13.113s] Level 1:colcon.colcon_core.shell:create_environment_hook('hello_moveit', 'cmake_prefix_path')
[13.113s] INFO:colcon.colcon_core.shell:Creating environment hook '/root/ws_moveit/src/mount/install/hello_moveit/share/hello_moveit/hook/cmake_prefix_path.ps1'
[13.113s] INFO:colcon.colcon_core.shell:Creating environment descriptor '/root/ws_moveit/src/mount/install/hello_moveit/share/hello_moveit/hook/cmake_prefix_path.dsv'
[13.114s] INFO:colcon.colcon_core.shell:Creating environment hook '/root/ws_moveit/src/mount/install/hello_moveit/share/hello_moveit/hook/cmake_prefix_path.sh'
[13.114s] Level 1:colcon.colcon_core.environment:checking '/root/ws_moveit/src/mount/install/hello_moveit/lib'
[13.114s] Level 1:colcon.colcon_core.environment:checking '/root/ws_moveit/src/mount/install/hello_moveit/bin'
[13.114s] Level 1:colcon.colcon_core.environment:checking '/root/ws_moveit/src/mount/install/hello_moveit/lib/pkgconfig/hello_moveit.pc'
[13.114s] Level 1:colcon.colcon_core.environment:checking '/root/ws_moveit/src/mount/install/hello_moveit/lib/python3.12/site-packages'
[13.114s] Level 1:colcon.colcon_core.environment:checking '/root/ws_moveit/src/mount/install/hello_moveit/bin'
[13.114s] INFO:colcon.colcon_core.shell:Creating package script '/root/ws_moveit/src/mount/install/hello_moveit/share/hello_moveit/package.ps1'
[13.115s] INFO:colcon.colcon_core.shell:Creating package descriptor '/root/ws_moveit/src/mount/install/hello_moveit/share/hello_moveit/package.dsv'
[13.115s] INFO:colcon.colcon_core.shell:Creating package script '/root/ws_moveit/src/mount/install/hello_moveit/share/hello_moveit/package.sh'
[13.115s] INFO:colcon.colcon_core.shell:Creating package script '/root/ws_moveit/src/mount/install/hello_moveit/share/hello_moveit/package.bash'
[13.116s] INFO:colcon.colcon_core.shell:Creating package script '/root/ws_moveit/src/mount/install/hello_moveit/share/hello_moveit/package.zsh'
[13.116s] Level 1:colcon.colcon_core.environment:create_file_with_runtime_dependencies(/root/ws_moveit/src/mount/install/hello_moveit/share/colcon-core/packages/hello_moveit)
[13.116s] DEBUG:colcon.colcon_parallel_executor.executor.parallel:closing loop
[13.117s] DEBUG:colcon.colcon_parallel_executor.executor.parallel:loop closed
[13.117s] DEBUG:colcon.colcon_parallel_executor.executor.parallel:run_until_complete finished with '0'
[13.117s] DEBUG:colcon.colcon_core.event_reactor:joining thread
[13.131s] INFO:colcon.colcon_core.plugin_system:Skipping extension 'colcon_notification.desktop_notification.notify_send': Could not find 'notify-send'
[13.131s] INFO:colcon.colcon_core.plugin_system:Skipping extension 'colcon_notification.desktop_notification.terminal_notifier': Not used on non-Darwin systems
[13.132s] INFO:colcon.colcon_core.plugin_system:Skipping extension 'colcon_notification.desktop_notification.win32': Not used on non-Windows systems
[13.132s] INFO:colcon.colcon_notification.desktop_notification:Sending desktop notification using 'notify2'
[13.134s] DEBUG:colcon.colcon_notification.desktop_notification.notify2:Failed to initialize notify2: org.freedesktop.DBus.Error.Spawn.ExecFailed: /usr/bin/dbus-launch terminated abnormally without any error message
[13.134s] DEBUG:colcon.colcon_core.event_reactor:joined thread
[13.135s] INFO:colcon.colcon_core.shell:Creating prefix script '/root/ws_moveit/src/mount/install/local_setup.ps1'
[13.136s] INFO:colcon.colcon_core.shell:Creating prefix util module '/root/ws_moveit/src/mount/install/_local_setup_util_ps1.py'
[13.138s] INFO:colcon.colcon_core.shell:Creating prefix chain script '/root/ws_moveit/src/mount/install/setup.ps1'
[13.142s] INFO:colcon.colcon_core.shell:Creating prefix script '/root/ws_moveit/src/mount/install/local_setup.sh'
[13.142s] INFO:colcon.colcon_core.shell:Creating prefix util module '/root/ws_moveit/src/mount/install/_local_setup_util_sh.py'
[13.143s] INFO:colcon.colcon_core.shell:Creating prefix chain script '/root/ws_moveit/src/mount/install/setup.sh'
[13.147s] INFO:colcon.colcon_core.shell:Creating prefix script '/root/ws_moveit/src/mount/install/local_setup.bash'
[13.147s] INFO:colcon.colcon_core.shell:Creating prefix chain script '/root/ws_moveit/src/mount/install/setup.bash'
[13.151s] INFO:colcon.colcon_core.shell:Creating prefix script '/root/ws_moveit/src/mount/install/local_setup.zsh'
[13.152s] INFO:colcon.colcon_core.shell:Creating prefix chain script '/root/ws_moveit/src/mount/install/setup.zsh'
